  [4;36;1mSQL (0.9ms)[0m   [0;1mSET SQL_AUTO_IS_NULL=0[0m


Processing MealsController#index (for 127.0.0.1 at 2009-02-07 11:32:48) [GET]
  Parameters: {"action"=>"index", "controller"=>"meals"}
Redirected to /session/new
Filter chain halted as [:login_required] rendered_or_redirected.
Completed in 3ms (DB: 1) | 302 Found [http://localhost/meals]
  [4;35;1mSQL (0.2ms)[0m   [0mSET SQL_AUTO_IS_NULL=0[0m


Processing SessionsController#new (for 127.0.0.1 at 2009-02-07 11:32:48) [GET]
  Parameters: {"action"=>"new", "controller"=>"sessions"}
Rendering sessions/new
Completed in 29ms (View: 18, DB: 0) | 200 OK [http://localhost/session/new]
  [4;36;1mSQL (0.2ms)[0m   [0;1mSET SQL_AUTO_IS_NULL=0[0m


Processing MealsController#index (for 127.0.0.1 at 2009-02-07 11:34:03) [GET]
  Parameters: {"action"=>"index", "controller"=>"meals"}
Redirected to /session/new
Filter chain halted as [:login_required] rendered_or_redirected.
Completed in 2ms (DB: 0) | 302 Found [http://localhost/meals]
  [4;35;1mSQL (0.1ms)[0m   [0mSET SQL_AUTO_IS_NULL=0[0m


Processing SessionsController#new (for 127.0.0.1 at 2009-02-07 11:34:03) [GET]
  Parameters: {"action"=>"new", "controller"=>"sessions"}
Rendering sessions/new
Completed in 24ms (View: 14, DB: 0) | 200 OK [http://localhost/session/new]
  [4;36;1mSQL (0.2ms)[0m   [0;1mSET SQL_AUTO_IS_NULL=0[0m


Processing UsersController#new (for 127.0.0.1 at 2009-02-07 11:34:05) [GET]
  Parameters: {"action"=>"new", "controller"=>"users"}
  [4;35;1mUser Columns (2.3ms)[0m   [0mSHOW FIELDS FROM `users`[0m
Rendering users/new
Completed in 76ms (View: 23, DB: 2) | 200 OK [http://localhost/signup]
  [4;36;1mSQL (0.3ms)[0m   [0;1mSET SQL_AUTO_IS_NULL=0[0m
  [4;35;1mSQL (0.5ms)[0m   [0mSHOW TABLES[0m
  [4;36;1mSQL (0.2ms)[0m   [0;1mSELECT version FROM schema_migrations[0m
Migrating to CreateUsers (20090207010011)
Migrating to RemoveLoginFromUsers (20090207173557)
  [4;36;1mSQL (0.3ms)[0m   [0;1mSET SQL_AUTO_IS_NULL=0[0m
  [4;35;1mSQL (0.5ms)[0m   [0mSHOW TABLES[0m
  [4;36;1mSQL (0.2ms)[0m   [0;1mSELECT version FROM schema_migrations[0m
Migrating to CreateUsers (20090207010011)
Migrating to RemoveLoginFromUsers (20090207173557)
  [4;35;1mSQL (83.2ms)[0m   [0mDROP INDEX `index_users_on_login` ON users[0m
  [4;36;1mSQL (5.8ms)[0m   [0;1mCREATE UNIQUE INDEX `index_users_on_email` ON `users` (`email`)[0m
  [4;35;1mSQL (5.8ms)[0m   [0mALTER TABLE `users` DROP `login`[0m
  [4;36;1mSQL (0.7ms)[0m   [0;1mINSERT INTO schema_migrations (version) VALUES ('20090207173557')[0m
  [4;35;1mSQL (0.5ms)[0m   [0mSHOW TABLES[0m
  [4;36;1mSQL (0.2ms)[0m   [0;1mSELECT version FROM schema_migrations[0m
  [4;35;1mSQL (0.3ms)[0m   [0mSHOW TABLES[0m
  [4;36;1mSQL (2.1ms)[0m   [0;1mSHOW FIELDS FROM `users`[0m
  [4;35;1mSQL (1.7ms)[0m   [0mdescribe `users`[0m
  [4;36;1mSQL (0.3ms)[0m   [0;1mSHOW KEYS FROM `users`[0m
  [4;36;1mSQL (0.3ms)[0m   [0;1mSET SQL_AUTO_IS_NULL=0[0m
  [4;35;1mSQL (0.5ms)[0m   [0mSHOW TABLES[0m
  [4;36;1mSQL (0.3ms)[0m   [0;1mSELECT version FROM schema_migrations[0m
  [4;35;1mSQL (0.3ms)[0m   [0mSHOW TABLES[0m
  [4;36;1mSQL (0.2ms)[0m   [0;1mSELECT version FROM schema_migrations[0m
Migrating to RemoveLoginFromUsers (20090207173557)
  [4;35;1mSQL (6.4ms)[0m   [0mALTER TABLE `users` ADD `login` varchar(255)[0m
  [4;36;1mSQL (7.8ms)[0m   [0;1mDROP INDEX `index_users_on_email` ON users[0m
  [4;35;1mSQL (6.9ms)[0m   [0mCREATE UNIQUE INDEX `index_users_on_login` ON `users` (`login`)[0m
  [4;36;1mSQL (1.0ms)[0m   [0;1mDELETE FROM schema_migrations WHERE version = '20090207173557'[0m
  [4;35;1mSQL (0.5ms)[0m   [0mSHOW TABLES[0m
  [4;36;1mSQL (0.2ms)[0m   [0;1mSELECT version FROM schema_migrations[0m
  [4;35;1mSQL (0.3ms)[0m   [0mSHOW TABLES[0m
  [4;36;1mSQL (2.0ms)[0m   [0;1mSHOW FIELDS FROM `users`[0m
  [4;35;1mSQL (1.7ms)[0m   [0mdescribe `users`[0m
  [4;36;1mSQL (0.4ms)[0m   [0;1mSHOW KEYS FROM `users`[0m
  [4;36;1mSQL (0.3ms)[0m   [0;1mSET SQL_AUTO_IS_NULL=0[0m
  [4;35;1mSQL (0.6ms)[0m   [0mSHOW TABLES[0m
  [4;36;1mSQL (0.2ms)[0m   [0;1mSELECT version FROM schema_migrations[0m
Migrating to CreateUsers (20090207010011)
Migrating to RemoveLoginFromUsers (20090207173557)
  [4;35;1mSQL (6.5ms)[0m   [0mDROP INDEX `index_users_on_login` ON users[0m
  [4;36;1mSQL (13.3ms)[0m   [0;1mCREATE UNIQUE INDEX `index_users_on_email` ON `users` (`email`)[0m
  [4;35;1mSQL (5.9ms)[0m   [0mALTER TABLE `users` DROP `login`[0m
  [4;36;1mSQL (0.7ms)[0m   [0;1mINSERT INTO schema_migrations (version) VALUES ('20090207173557')[0m
  [4;35;1mSQL (0.5ms)[0m   [0mSHOW TABLES[0m
  [4;36;1mSQL (0.2ms)[0m   [0;1mSELECT version FROM schema_migrations[0m
  [4;35;1mSQL (0.5ms)[0m   [0mSHOW TABLES[0m
  [4;36;1mSQL (2.1ms)[0m   [0;1mSHOW FIELDS FROM `users`[0m
  [4;35;1mSQL (1.8ms)[0m   [0mdescribe `users`[0m
  [4;36;1mSQL (0.4ms)[0m   [0;1mSHOW KEYS FROM `users`[0m
  [4;36;1mSQL (0.1ms)[0m   [0;1mSET SQL_AUTO_IS_NULL=0[0m


Processing UsersController#new (for 127.0.0.1 at 2009-02-07 11:39:34) [GET]
  Parameters: {"action"=>"new", "controller"=>"users"}
  [4;35;1mUser Columns (2.1ms)[0m   [0mSHOW FIELDS FROM `users`[0m
Rendering users/new
Completed in 54ms (View: 20, DB: 2) | 200 OK [http://localhost/signup]
  [4;36;1mSQL (0.1ms)[0m   [0;1mSET SQL_AUTO_IS_NULL=0[0m


Processing UsersController#new (for 127.0.0.1 at 2009-02-07 11:40:01) [GET]
  Parameters: {"action"=>"new", "controller"=>"users"}
  [4;35;1mUser Columns (2.8ms)[0m   [0mSHOW FIELDS FROM `users`[0m
Rendering users/new
Completed in 58ms (View: 24, DB: 3) | 200 OK [http://localhost/signup]
  [4;36;1mSQL (0.2ms)[0m   [0;1mSET SQL_AUTO_IS_NULL=0[0m


Processing SessionsController#new (for 127.0.0.1 at 2009-02-07 11:40:04) [GET]
  Parameters: {"action"=>"new", "controller"=>"sessions"}
Rendering sessions/new
Completed in 24ms (View: 14, DB: 0) | 200 OK [http://localhost/login]
  [4;35;1mSQL (0.2ms)[0m   [0mSET SQL_AUTO_IS_NULL=0[0m


Processing UsersController#new (for 127.0.0.1 at 2009-02-07 11:40:06) [GET]
  Parameters: {"action"=>"new", "controller"=>"users"}
  [4;36;1mUser Columns (2.9ms)[0m   [0;1mSHOW FIELDS FROM `users`[0m
Rendering users/new
Completed in 122ms (View: 24, DB: 3) | 200 OK [http://localhost/signup]
  [4;35;1mSQL (0.2ms)[0m   [0mSET SQL_AUTO_IS_NULL=0[0m


Processing UsersController#create (for 127.0.0.1 at 2009-02-07 11:40:17) [POST]
  Parameters: {"commit"=>"Sign up", "action"=>"create", "authenticity_token"=>"tTJZobiBUjTD5niK+NuL3a8ZPFZwI6wtN3jkjua6E24=", "controller"=>"users", "user"=>{"password_confirmation"=>"[FILTERED]", "password"=>"[FILTERED]", "email"=>"glenn@glennfu.com"}}
  [4;36;1mUser Columns (2.6ms)[0m   [0;1mSHOW FIELDS FROM `users`[0m
  [4;35;1mSQL (0.2ms)[0m   [0mBEGIN[0m
  [4;36;1mUser Exists (0.4ms)[0m   [0;1mSELECT `users`.id FROM `users` WHERE (`users`.`email` = BINARY 'glenn@glennfu.com') LIMIT 1[0m
  [4;35;1mUser Create (0.4ms)[0m   [0mINSERT INTO `users` (`name`, `salt`, `created_at`, `crypted_password`, `remember_token_expires_at`, `updated_at`, `remember_token`, `email`) VALUES('', '5ecd35646ea4f980ea4ddcb2023a213363ca8757', '2009-02-07 17:40:17', 'ae4339c4e37d83966d149b5f5753e4286a2b0b43', NULL, '2009-02-07 17:40:17', NULL, 'glenn@glennfu.com')[0m
  [4;36;1mSQL (0.5ms)[0m   [0;1mCOMMIT[0m
Redirected to /meals
Completed in 107ms (DB: 4) | 302 Found [http://localhost/users]
  [4;35;1mSQL (0.1ms)[0m   [0mSET SQL_AUTO_IS_NULL=0[0m


Processing MealsController#index (for 127.0.0.1 at 2009-02-07 11:40:17) [GET]
  Parameters: {"action"=>"index", "controller"=>"meals"}
  [4;36;1mUser Columns (2.4ms)[0m   [0;1mSHOW FIELDS FROM `users`[0m
  [4;35;1mUser Load (1.6ms)[0m   [0mSELECT * FROM `users` WHERE (`users`.`id` = 1) LIMIT 1[0m
Rendering meals/index
Completed in 54ms (View: 11, DB: 4) | 200 OK [http://localhost/meals]
  [4;36;1mSQL (0.2ms)[0m   [0;1mSET SQL_AUTO_IS_NULL=0[0m


Processing MealsController#index (for 127.0.0.1 at 2009-02-07 11:40:23) [GET]
  Parameters: {"action"=>"index", "controller"=>"meals"}
  [4;35;1mUser Columns (2.1ms)[0m   [0mSHOW FIELDS FROM `users`[0m
  [4;36;1mUser Load (0.4ms)[0m   [0;1mSELECT * FROM `users` WHERE (`users`.`id` = 1) LIMIT 1[0m
Rendering meals/index
Completed in 47ms (View: 11, DB: 3) | 200 OK [http://localhost/meals]
  [4;35;1mSQL (0.2ms)[0m   [0mSET SQL_AUTO_IS_NULL=0[0m


Processing MealsController#index (for 127.0.0.1 at 2009-02-07 11:40:24) [GET]
  Parameters: {"action"=>"index", "controller"=>"meals"}
  [4;36;1mUser Columns (2.6ms)[0m   [0;1mSHOW FIELDS FROM `users`[0m
  [4;35;1mUser Load (0.4ms)[0m   [0mSELECT * FROM `users` WHERE (`users`.`id` = 1) LIMIT 1[0m
Rendering meals/index
Completed in 50ms (View: 11, DB: 3) | 200 OK [http://localhost/meals]
